2020-09-25 18:48:20,023 INFO org.hibernate.validator.internal.util.Version [background-preinit] [background-preinit] INFO  o.h.validator.internal.util.Version - HV000001: Hibernate Validator 6.1.5.Final
2020-09-25 18:48:20,557 INFO org.springframework.boot.SpringApplication [Test worker] [Test worker] INFO  k.b.m.n.mail.MailApplicationTests - No active profile set, falling back to default profiles: default
2020-09-25 18:48:20,595 DEBUG org.springframework.context.support.AbstractApplicationContext [Test worker] [Test worker] DEBUG o.s.w.c.s.GenericWebApplicationContext - Refreshing org.springframework.web.context.support.GenericWebApplicationContext@39623009
2020-09-25 18:48:21,834 INFO org.springframework.cloud.context.scope.GenericScope [Test worker] [Test worker] INFO  o.s.c.context.scope.GenericScope - BeanFactory id=903c1543-b563-3e1d-9368-2a59a779970c
2020-09-25 18:48:22,016 INFO org.springframework.context.support.PostProcessorRegistrationDelegate$BeanPostProcessorChecker [Test worker] [Test worker] INFO  o.s.c.s.PostProcessorRegistrationDelegate$BeanPostProcessorChecker - Bean 'org.springframework.ws.config.annotation.DelegatingWsConfiguration' of type [org.springframework.ws.config.annotation.DelegatingWsConfiguration$$EnhancerBySpringCGLIB$$e46d0bd2] is not eligible for getting processed by all BeanPostProcessors (for example: not eligible for auto-proxying)
2020-09-25 18:48:22,063 INFO org.springframework.ws.soap.addressing.server.AbstractAddressingEndpointMapping [Test worker] [Test worker] INFO  o.s.w.s.a.s.AnnotationActionEndpointMapping - Supporting [WS-Addressing August 2004, WS-Addressing 1.0]
2020-09-25 18:48:23,342 DEBUG org.springframework.web.servlet.handler.AbstractHandlerMethodMapping [Test worker] [Test worker] DEBUG o.s.w.s.m.m.a.RequestMappingHandlerMapping - 7 mappings in 'requestMappingHandlerMapping'
2020-09-25 18:48:23,548 INFO org.springframework.boot.autoconfigure.security.servlet.UserDetailsServiceAutoConfiguration [Test worker] [Test worker] INFO  o.s.b.a.s.s.UserDetailsServiceAutoConfiguration - 

Using generated security password: c30d54ec-9694-4ab9-b226-32a56f3da84a

2020-09-25 18:48:23,619 INFO org.springframework.security.web.DefaultSecurityFilterChain [Test worker] [Test worker] INFO  o.s.s.w.DefaultSecurityFilterChain - Creating filter chain: Ant [pattern='/v2/api-docs'], []
2020-09-25 18:48:23,620 INFO org.springframework.security.web.DefaultSecurityFilterChain [Test worker] [Test worker] INFO  o.s.s.w.DefaultSecurityFilterChain - Creating filter chain: Ant [pattern='/configuration/ui'], []
2020-09-25 18:48:23,620 INFO org.springframework.security.web.DefaultSecurityFilterChain [Test worker] [Test worker] INFO  o.s.s.w.DefaultSecurityFilterChain - Creating filter chain: Ant [pattern='/configuration/security'], []
2020-09-25 18:48:23,621 INFO org.springframework.security.web.DefaultSecurityFilterChain [Test worker] [Test worker] INFO  o.s.s.w.DefaultSecurityFilterChain - Creating filter chain: Ant [pattern='/swagger-resources'], []
2020-09-25 18:48:23,621 INFO org.springframework.security.web.DefaultSecurityFilterChain [Test worker] [Test worker] INFO  o.s.s.w.DefaultSecurityFilterChain - Creating filter chain: Ant [pattern='/swagger-resources/**'], []
2020-09-25 18:48:23,621 INFO org.springframework.security.web.DefaultSecurityFilterChain [Test worker] [Test worker] INFO  o.s.s.w.DefaultSecurityFilterChain - Creating filter chain: Ant [pattern='/configuration/security'], []
2020-09-25 18:48:23,622 INFO org.springframework.security.web.DefaultSecurityFilterChain [Test worker] [Test worker] INFO  o.s.s.w.DefaultSecurityFilterChain - Creating filter chain: Ant [pattern='/swagger-ui.html'], []
2020-09-25 18:48:23,623 INFO org.springframework.security.web.DefaultSecurityFilterChain [Test worker] [Test worker] INFO  o.s.s.w.DefaultSecurityFilterChain - Creating filter chain: Ant [pattern='/webjars/**'], []
2020-09-25 18:48:23,623 INFO org.springframework.security.web.DefaultSecurityFilterChain [Test worker] [Test worker] INFO  o.s.s.w.DefaultSecurityFilterChain - Creating filter chain: Ant [pattern='/*.html'], []
2020-09-25 18:48:23,624 INFO org.springframework.security.web.DefaultSecurityFilterChain [Test worker] [Test worker] INFO  o.s.s.w.DefaultSecurityFilterChain - Creating filter chain: Ant [pattern='/favicon.ico'], []
2020-09-25 18:48:23,624 INFO org.springframework.security.web.DefaultSecurityFilterChain [Test worker] [Test worker] INFO  o.s.s.w.DefaultSecurityFilterChain - Creating filter chain: Ant [pattern='/**/*.html'], []
2020-09-25 18:48:23,625 INFO org.springframework.security.web.DefaultSecurityFilterChain [Test worker] [Test worker] INFO  o.s.s.w.DefaultSecurityFilterChain - Creating filter chain: Ant [pattern='/**/*.css'], []
2020-09-25 18:48:23,625 INFO org.springframework.security.web.DefaultSecurityFilterChain [Test worker] [Test worker] INFO  o.s.s.w.DefaultSecurityFilterChain - Creating filter chain: Ant [pattern='/**/*.js'], []
2020-09-25 18:48:23,829 INFO org.springframework.security.web.DefaultSecurityFilterChain [Test worker] [Test worker] INFO  o.s.s.w.DefaultSecurityFilterChain - Creating filter chain: any request, [org.springframework.security.web.context.request.async.WebAsyncManagerIntegrationFilter@5bbcf439, org.springframework.security.web.context.SecurityContextPersistenceFilter@5b69f01d, org.springframework.security.web.header.HeaderWriterFilter@5541aa32, org.springframework.security.web.csrf.CsrfFilter@2246d8b0, org.springframework.security.web.authentication.logout.LogoutFilter@38157a05, org.springframework.security.web.authentication.UsernamePasswordAuthenticationFilter@2f026953, org.springframework.security.web.authentication.ui.DefaultLoginPageGeneratingFilter@40836340, org.springframework.security.web.authentication.ui.DefaultLogoutPageGeneratingFilter@10e8926d, org.springframework.security.web.authentication.www.BasicAuthenticationFilter@55ada5e7, org.springframework.security.web.savedrequest.RequestCacheAwareFilter@5605c150, org.springframework.security.web.servletapi.SecurityContextHolderAwareRequestFilter@769f71dc, org.springframework.security.web.authentication.AnonymousAuthenticationFilter@33311bb3, org.springframework.security.web.session.SessionManagementFilter@2b993efd, org.springframework.security.web.access.ExceptionTranslationFilter@61f6c426, org.springframework.security.web.access.intercept.FilterSecurityInterceptor@755c84f8]
2020-09-25 18:48:24,027 WARN com.netflix.config.sources.URLConfigurationSource [Test worker] [Test worker] WARN  c.n.c.s.URLConfigurationSource - No URLs will be polled as dynamic configuration sources.
2020-09-25 18:48:24,028 INFO com.netflix.config.sources.URLConfigurationSource [Test worker] [Test worker] INFO  c.n.c.s.URLConfigurationSource - To enable URLs as dynamic configuration sources, define System property archaius.configurationSource.additionalUrls or make config.properties available on classpath.
2020-09-25 18:48:24,036 WARN com.netflix.config.sources.URLConfigurationSource [Test worker] [Test worker] WARN  c.n.c.s.URLConfigurationSource - No URLs will be polled as dynamic configuration sources.
2020-09-25 18:48:24,037 INFO com.netflix.config.sources.URLConfigurationSource [Test worker] [Test worker] INFO  c.n.c.s.URLConfigurationSource - To enable URLs as dynamic configuration sources, define System property archaius.configurationSource.additionalUrls or make config.properties available on classpath.
2020-09-25 18:48:24,463 INFO org.springframework.scheduling.concurrent.ExecutorConfigurationSupport [Test worker] [Test worker] INFO  o.s.s.c.ThreadPoolTaskExecutor - Initializing ExecutorService 'applicationTaskExecutor'
2020-09-25 18:48:24,577 DEBUG org.springframework.web.servlet.mvc.method.annotation.RequestMappingHandlerAdapter [Test worker] [Test worker] DEBUG o.s.w.s.m.m.a.RequestMappingHandlerAdapter - ControllerAdvice beans: 0 @ModelAttribute, 0 @InitBinder, 1 RequestBodyAdvice, 1 ResponseBodyAdvice
2020-09-25 18:48:24,699 DEBUG org.springframework.web.servlet.handler.SimpleUrlHandlerMapping [Test worker] [Test worker] DEBUG o.s.w.s.h.SimpleUrlHandlerMapping - Patterns [/webjars/**, /**] in 'resourceHandlerMapping'
2020-09-25 18:48:24,725 DEBUG org.springframework.web.servlet.mvc.method.annotation.ExceptionHandlerExceptionResolver [Test worker] [Test worker] DEBUG o.s.w.s.m.m.a.ExceptionHandlerExceptionResolver - ControllerAdvice beans: 0 @ExceptionHandler, 1 ResponseBodyAdvice
2020-09-25 18:48:25,138 INFO org.springframework.cloud.netflix.eureka.config.DiscoveryClientOptionalArgsConfiguration [Test worker] [Test worker] INFO  o.s.c.n.e.c.DiscoveryClientOptionalArgsConfiguration - Eureka HTTP Client uses Jersey
2020-09-25 18:48:25,286 WARN org.springframework.cloud.loadbalancer.config.BlockingLoadBalancerClientAutoConfiguration$BlockingLoadBalancerClientRibbonWarnLogger [Test worker] [Test worker] WARN  o.s.c.l.c.BlockingLoadBalancerClientAutoConfiguration$BlockingLoadBalancerClientRibbonWarnLogger - You already have RibbonLoadBalancerClient on your classpath. It will be used by default. As Spring Cloud Ribbon is in maintenance mode. We recommend switching to BlockingLoadBalancerClient instead. In order to use it, set the value of `spring.cloud.loadbalancer.ribbon.enabled` to `false` or remove spring-cloud-starter-netflix-ribbon from your project.
2020-09-25 18:48:25,438 DEBUG org.springframework.core.log.CompositeLog [RestTemplateSender{http://localhost:9411/api/v2/spans} check()] [RestTemplateSender{http://localhost:9411/api/v2/spans} check()] DEBUG org.springframework.web.HttpLogging - HTTP POST http://localhost:9411/api/v2/spans
2020-09-25 18:48:25,442 DEBUG org.springframework.core.log.CompositeLog [RestTemplateSender{http://localhost:9411/api/v2/spans} check()] [RestTemplateSender{http://localhost:9411/api/v2/spans} check()] DEBUG org.springframework.web.HttpLogging - Accept=[text/plain, application/json, application/*+json, */*]
2020-09-25 18:48:25,443 DEBUG org.springframework.core.log.CompositeLog [RestTemplateSender{http://localhost:9411/api/v2/spans} check()] [RestTemplateSender{http://localhost:9411/api/v2/spans} check()] DEBUG org.springframework.web.HttpLogging - Writing [[B@e9015a6] as "application/json"
2020-09-25 18:48:25,948 WARN org.springframework.cloud.sleuth.zipkin2.ZipkinAutoConfiguration [Test worker] [Test worker] WARN  o.s.c.s.z.ZipkinAutoConfiguration - Check result of the [RestTemplateSender{http://localhost:9411/api/v2/spans}] contains an error [CheckResult{ok=false, error=org.springframework.web.client.ResourceAccessException: I/O error on POST request for "http://localhost:9411/api/v2/spans": connect timed out; nested exception is java.net.SocketTimeoutException: connect timed out}]
2020-09-25 18:48:26,486 INFO org.springframework.cloud.netflix.eureka.InstanceInfoFactory [Test worker] [Test worker] INFO  o.s.c.n.eureka.InstanceInfoFactory - Setting initial instance status as: STARTING
2020-09-25 18:48:26,795 INFO com.netflix.discovery.provider.DiscoveryJerseyProvider [Test worker] [Test worker] INFO  c.n.d.p.DiscoveryJerseyProvider - Using JSON encoding codec LegacyJacksonJson
2020-09-25 18:48:26,795 INFO com.netflix.discovery.provider.DiscoveryJerseyProvider [Test worker] [Test worker] INFO  c.n.d.p.DiscoveryJerseyProvider - Using JSON decoding codec LegacyJacksonJson
2020-09-25 18:48:27,127 INFO com.netflix.discovery.provider.DiscoveryJerseyProvider [Test worker] [Test worker] INFO  c.n.d.p.DiscoveryJerseyProvider - Using XML encoding codec XStreamXml
2020-09-25 18:48:27,128 INFO com.netflix.discovery.provider.DiscoveryJerseyProvider [Test worker] [Test worker] INFO  c.n.d.p.DiscoveryJerseyProvider - Using XML decoding codec XStreamXml
2020-09-25 18:48:27,578 INFO com.netflix.discovery.InstanceInfoReplicator [Test worker] [Test worker] INFO  c.n.d.InstanceInfoReplicator - InstanceInfoReplicator onDemand update allowed rate per min is 4
2020-09-25 18:48:27,599 INFO org.springframework.cloud.netflix.eureka.serviceregistry.EurekaServiceRegistry [Test worker] [Test worker] INFO  o.s.c.n.e.s.EurekaServiceRegistry - Registering application MAIL with eureka with status UP
2020-09-25 18:48:27,939 INFO org.springframework.boot.StartupInfoLogger [Test worker] [Test worker] INFO  k.b.m.n.mail.MailApplicationTests - Started MailApplicationTests in 8.393 seconds (JVM running for 9.418)
2020-09-25 18:48:28,150 DEBUG org.springframework.context.support.AbstractApplicationContext [SpringContextShutdownHook] [SpringContextShutdownHook] DEBUG o.s.w.c.s.GenericWebApplicationContext - Closing org.springframework.web.context.support.GenericWebApplicationContext@39623009, started on Fri Sep 25 18:48:20 ALMT 2020, parent: org.springframework.context.annotation.AnnotationConfigApplicationContext@67b70125
2020-09-25 18:48:28,151 INFO org.springframework.cloud.netflix.eureka.serviceregistry.EurekaServiceRegistry [SpringContextShutdownHook] [SpringContextShutdownHook] INFO  o.s.c.n.e.s.EurekaServiceRegistry - Unregistering application MAIL with eureka with status DOWN
2020-09-25 18:48:28,152 WARN com.netflix.discovery.DiscoveryClient$3 [SpringContextShutdownHook] [SpringContextShutdownHook] WARN  c.netflix.discovery.DiscoveryClient - Saw local status change event StatusChangeEvent [timestamp=1601038108152, current=DOWN, previous=UP]
2020-09-25 18:48:29,159 INFO org.springframework.scheduling.concurrent.ExecutorConfigurationSupport [SpringContextShutdownHook] [SpringContextShutdownHook] INFO  o.s.s.c.ThreadPoolTaskExecutor - Shutting down ExecutorService 'applicationTaskExecutor'
